<?xml version="1.0" encoding="UTF-8"?>
<testsuite xmlns:xsi="http://www.w3.org/2001/XMLSchema-instance" xsi:noNamespaceSchemaLocation="https://maven.apache.org/surefire/maven-surefire-plugin/xsd/surefire-test-report-3.0.xsd" version="3.0" name="com.joselv.calculadorapruebas.CalculadoraPruebasTest" time="0.084" tests="8" errors="0" skipped="0" failures="0">
  <properties>
[...]
</properties>
  <testcase name="testSumar" classname="com.joselv.calculadorapruebas.CalculadoraPruebasTest" time="0.024"/>
  <testcase name="testMain" classname="com.joselv.calculadorapruebas.CalculadoraPruebasTest" time="0.003">
    <system-out><![CDATA[main
Minicalcultadora para jugar con JUnit5. Soy joselv
]]></system-out>
  </testcase>
  <testcase name="testMultiplicar" classname="com.joselv.calculadorapruebas.CalculadoraPruebasTest" time="0.001"/>
  <testcase name="testDividirPorCero" classname="com.joselv.calculadorapruebas.CalculadoraPruebasTest" time="0.005"/>
  <testcase name="testDividir" classname="com.joselv.calculadorapruebas.CalculadoraPruebasTest" time="0.004"/>
  <testcase name="testDividirConDecimales" classname="com.joselv.calculadorapruebas.CalculadoraPruebasTest" time="0.002"/>
  <testcase name="testelevadoCubo" classname="com.joselv.calculadorapruebas.CalculadoraPruebasTest" time="0.001"/>
  <testcase name="testRestar" classname="com.joselv.calculadorapruebas.CalculadoraPruebasTest" time="0.001"/>
</testsuite>